{"level":"info","message":"Identity service running on port 3001","service":"identity-service","timestamp":"2025-02-20T16:55:18.250Z"}
{"code":"ENOTFOUND","hostname":"_mongodb._tcp.322325","level":"error","message":"Mongo connection error querySrv ENOTFOUND _mongodb._tcp.322325","service":"identity-service","stack":"Error: querySrv ENOTFOUND _mongodb._tcp.322325\n    at QueryReqWrap.onresolve [as oncomplete] (node:internal/dns/promises:251:17)","syscall":"querySrv","timestamp":"2025-02-20T16:55:18.271Z"}
{"level":"info","message":"Identity service running on port 3001","service":"identity-service","timestamp":"2025-02-20T16:56:54.264Z"}
{"code":"ENOTFOUND","hostname":"_mongodb._tcp.322325","level":"error","message":"Mongo connection error querySrv ENOTFOUND _mongodb._tcp.322325","service":"identity-service","stack":"Error: querySrv ENOTFOUND _mongodb._tcp.322325\n    at QueryReqWrap.onresolve [as oncomplete] (node:internal/dns/promises:251:17)","syscall":"querySrv","timestamp":"2025-02-20T16:57:00.129Z"}
{"level":"info","message":"Identity service running on port 3001","service":"identity-service","timestamp":"2025-02-20T16:58:36.009Z"}
{"code":"ENOTFOUND","hostname":"_mongodb._tcp.322325","level":"error","message":"Mongo connection error querySrv ENOTFOUND _mongodb._tcp.322325","service":"identity-service","stack":"Error: querySrv ENOTFOUND _mongodb._tcp.322325\n    at QueryReqWrap.onresolve [as oncomplete] (node:internal/dns/promises:251:17)","syscall":"querySrv","timestamp":"2025-02-20T16:58:36.034Z"}
{"level":"info","message":"Identity service running on port 3001","service":"identity-service","timestamp":"2025-02-20T16:58:54.058Z"}
{"code":"ENOTFOUND","hostname":"_mongodb._tcp.322325","level":"error","message":"Mongo connection error querySrv ENOTFOUND _mongodb._tcp.322325","service":"identity-service","stack":"Error: querySrv ENOTFOUND _mongodb._tcp.322325\n    at QueryReqWrap.onresolve [as oncomplete] (node:internal/dns/promises:251:17)","syscall":"querySrv","timestamp":"2025-02-20T16:58:54.086Z"}
{"level":"info","message":"Identity service running on port 3001","service":"identity-service","timestamp":"2025-02-20T16:59:00.568Z"}
{"code":"ENOTFOUND","hostname":"_mongodb._tcp.322325","level":"error","message":"Mongo connection error querySrv ENOTFOUND _mongodb._tcp.322325","service":"identity-service","stack":"Error: querySrv ENOTFOUND _mongodb._tcp.322325\n    at QueryReqWrap.onresolve [as oncomplete] (node:internal/dns/promises:251:17)","syscall":"querySrv","timestamp":"2025-02-20T16:59:00.599Z"}
{"level":"info","message":"Identity service running on port 3001","service":"identity-service","timestamp":"2025-02-20T16:59:15.253Z"}
{"code":"ENOTFOUND","hostname":"_mongodb._tcp.322325","level":"error","message":"Mongo connection error querySrv ENOTFOUND _mongodb._tcp.322325","service":"identity-service","stack":"Error: querySrv ENOTFOUND _mongodb._tcp.322325\n    at QueryReqWrap.onresolve [as oncomplete] (node:internal/dns/promises:251:17)","syscall":"querySrv","timestamp":"2025-02-20T16:59:20.611Z"}
{"level":"info","message":"Identity service running on port 3001","service":"identity-service","timestamp":"2025-02-20T16:59:33.100Z"}
{"code":"ENOTFOUND","hostname":"_mongodb._tcp.322325","level":"error","message":"Mongo connection error querySrv ENOTFOUND _mongodb._tcp.322325","service":"identity-service","stack":"Error: querySrv ENOTFOUND _mongodb._tcp.322325\n    at QueryReqWrap.onresolve [as oncomplete] (node:internal/dns/promises:251:17)","syscall":"querySrv","timestamp":"2025-02-20T16:59:33.128Z"}
{"level":"info","message":"Identity service running on port 3001","service":"identity-service","timestamp":"2025-02-20T16:59:36.666Z"}
{"code":"ENOTFOUND","hostname":"_mongodb._tcp.322325","level":"error","message":"Mongo connection error querySrv ENOTFOUND _mongodb._tcp.322325","service":"identity-service","stack":"Error: querySrv ENOTFOUND _mongodb._tcp.322325\n    at QueryReqWrap.onresolve [as oncomplete] (node:internal/dns/promises:251:17)","syscall":"querySrv","timestamp":"2025-02-20T16:59:36.694Z"}
{"level":"info","message":"Identity service running on port 3001","service":"identity-service","timestamp":"2025-02-20T16:59:44.518Z"}
{"code":"ENOTFOUND","hostname":"_mongodb._tcp.322325","level":"error","message":"Mongo connection error querySrv ENOTFOUND _mongodb._tcp.322325","service":"identity-service","stack":"Error: querySrv ENOTFOUND _mongodb._tcp.322325\n    at QueryReqWrap.onresolve [as oncomplete] (node:internal/dns/promises:251:17)","syscall":"querySrv","timestamp":"2025-02-20T16:59:44.539Z"}
{"level":"info","message":"Identity service running on port 3001","service":"identity-service","timestamp":"2025-02-20T16:59:50.558Z"}
{"code":"ENOTFOUND","hostname":"_mongodb._tcp.322325","level":"error","message":"Mongo connection error querySrv ENOTFOUND _mongodb._tcp.322325","service":"identity-service","stack":"Error: querySrv ENOTFOUND _mongodb._tcp.322325\n    at QueryReqWrap.onresolve [as oncomplete] (node:internal/dns/promises:251:17)","syscall":"querySrv","timestamp":"2025-02-20T16:59:50.692Z"}
{"level":"info","message":"Identity service running on port 3001","service":"identity-service","timestamp":"2025-02-20T17:00:43.022Z"}
{"level":"info","message":"Identity service running on port 3001","service":"identity-service","timestamp":"2025-02-20T17:00:47.467Z"}
{"code":"ENOTFOUND","hostname":"_mongodb._tcp.322325","level":"error","message":"Mongo connection error querySrv ENOTFOUND _mongodb._tcp.322325","service":"identity-service","stack":"Error: querySrv ENOTFOUND _mongodb._tcp.322325\n    at QueryReqWrap.onresolve [as oncomplete] (node:internal/dns/promises:251:17)","syscall":"querySrv","timestamp":"2025-02-20T17:00:47.505Z"}
{"level":"info","message":"Identity service running on port 3001","service":"identity-service","timestamp":"2025-02-20T17:00:52.817Z"}
{"code":"ENOTFOUND","hostname":"_mongodb._tcp.322325","level":"error","message":"Mongo connection error querySrv ENOTFOUND _mongodb._tcp.322325","service":"identity-service","stack":"Error: querySrv ENOTFOUND _mongodb._tcp.322325\n    at QueryReqWrap.onresolve [as oncomplete] (node:internal/dns/promises:251:17)","syscall":"querySrv","timestamp":"2025-02-20T17:00:52.840Z"}
{"level":"info","message":"Identity service running on port 3001","service":"identity-service","timestamp":"2025-02-20T17:05:22.398Z"}
{"code":8000,"codeName":"AtlasError","connectionGeneration":2,"errorLabelSet":{},"errorResponse":{"code":8000,"codeName":"AtlasError","errmsg":"bad auth : authentication failed","ok":0},"level":"error","message":"Mongo connection error bad auth : authentication failed","ok":0,"service":"identity-service","stack":"MongoServerError: bad auth : authentication failed\n    at Connection.sendCommand (C:\\Users\\Manu\\Desktop\\Social media microservices\\identity-services\\node_modules\\mongodb\\lib\\cmap\\connection.js:298:27)\n    at process.processTicksAndRejections (node:internal/process/task_queues:95:5)\n    at async Connection.command (C:\\Users\\Manu\\Desktop\\Social media microservices\\identity-services\\node_modules\\mongodb\\lib\\cmap\\connection.js:326:26)\n    at async continueScramConversation (C:\\Users\\Manu\\Desktop\\Social media microservices\\identity-services\\node_modules\\mongodb\\lib\\cmap\\auth\\scram.js:131:15)\n    at async executeScram (C:\\Users\\Manu\\Desktop\\Social media microservices\\identity-services\\node_modules\\mongodb\\lib\\cmap\\auth\\scram.js:80:5)\n    at async ScramSHA1.auth (C:\\Users\\Manu\\Desktop\\Social media microservices\\identity-services\\node_modules\\mongodb\\lib\\cmap\\auth\\scram.js:39:16)\n    at async performInitialHandshake (C:\\Users\\Manu\\Desktop\\Social media microservices\\identity-services\\node_modules\\mongodb\\lib\\cmap\\connect.js:104:13)\n    at async connect (C:\\Users\\Manu\\Desktop\\Social media microservices\\identity-services\\node_modules\\mongodb\\lib\\cmap\\connect.js:24:9)","timestamp":"2025-02-20T17:05:29.670Z"}
{"level":"info","message":"Identity service running on port 3001","service":"identity-service","timestamp":"2025-02-20T17:12:37.525Z"}
{"level":"info","message":"Connected to mongoDb","service":"identity-service","timestamp":"2025-02-20T17:12:41.622Z"}
{"level":"info","message":"Received POST request to /api/auth/register","service":"identity-service","timestamp":"2025-02-20T17:20:16.455Z"}
{"level":"info","message":"Request body [object Object]","service":"identity-service","timestamp":"2025-02-20T17:20:16.457Z"}
{"level":"info","message":"Registration endpoint Hit...","service":"identity-service","timestamp":"2025-02-20T17:20:16.466Z"}
{"_message":"User validation failed","errors":{"confirmPassword":{"kind":"required","message":"Path `confirmPassword` is required.","name":"ValidatorError","path":"confirmPassword","properties":{"message":"Path `confirmPassword` is required.","path":"confirmPassword","type":"required"}}},"level":"error","message":"User registration error User validation failed: confirmPassword: Path `confirmPassword` is required.","service":"identity-service","stack":"ValidationError: User validation failed: confirmPassword: Path `confirmPassword` is required.\n    at Document.invalidate (C:\\Users\\Manu\\Desktop\\Social media microservices\\identity-services\\node_modules\\mongoose\\lib\\document.js:3329:32)\n    at C:\\Users\\Manu\\Desktop\\Social media microservices\\identity-services\\node_modules\\mongoose\\lib\\document.js:3090:17\n    at C:\\Users\\Manu\\Desktop\\Social media microservices\\identity-services\\node_modules\\mongoose\\lib\\schemaType.js:1407:9\n    at process.processTicksAndRejections (node:internal/process/task_queues:77:11)","timestamp":"2025-02-20T17:20:19.434Z"}
{"level":"info","message":"Identity service running on port 3001","service":"identity-service","timestamp":"2025-02-20T17:21:27.877Z"}
{"beforeHandshake":false,"cause":{},"connectionGeneration":0,"errorLabelSet":{},"level":"error","message":"Mongo connection error AggregateError has an empty errors array. Please check the `cause` property for more information.","service":"identity-service","stack":"MongoNetworkError: AggregateError has an empty errors array. Please check the `cause` property for more information.\n    at TLSSocket.<anonymous> (C:\\Users\\Manu\\Desktop\\Social media microservices\\identity-services\\node_modules\\mongodb\\lib\\cmap\\connect.js:285:44)\n    at Object.onceWrapper (node:events:628:26)\n    at TLSSocket.emit (node:events:513:28)\n    at emitErrorNT (node:internal/streams/destroy:151:8)\n    at emitErrorCloseNT (node:internal/streams/destroy:116:3)\n    at process.processTicksAndRejections (node:internal/process/task_queues:82:21)","timestamp":"2025-02-20T17:21:28.709Z"}
{"level":"info","message":"Identity service running on port 3001","service":"identity-service","timestamp":"2025-02-20T17:21:46.295Z"}
{"level":"info","message":"Connected to mongoDb","service":"identity-service","timestamp":"2025-02-20T17:21:46.716Z"}
{"level":"info","message":"Received POST request to /api/auth/register","service":"identity-service","timestamp":"2025-02-20T17:21:50.059Z"}
{"level":"info","message":"Request body [object Object]","service":"identity-service","timestamp":"2025-02-20T17:21:50.060Z"}
{"level":"info","message":"Registration endpoint Hit...","service":"identity-service","timestamp":"2025-02-20T17:21:50.067Z"}
{"buffer":{"data":[103,183,100,174,190,214,12,115,170,177,24,171],"type":"Buffer"},"level":"warn","message":"User saved successfully","service":"identity-service","timestamp":"2025-02-20T17:21:50.474Z"}
{"0":"r","1":"e","2":"a","3":"s","4":"o","5":"n","6":":","level":"error","message":"Unhandled Rejection at","service":"identity-service","timestamp":"2025-02-20T17:21:50.485Z"}
{"level":"info","message":"Identity service running on port 3001","service":"identity-service","timestamp":"2025-02-20T17:25:03.102Z"}
{"level":"info","message":"Connected to mongoDb","service":"identity-service","timestamp":"2025-02-20T17:25:04.488Z"}
{"level":"info","message":"Identity service running on port 3001","service":"identity-service","timestamp":"2025-02-20T17:25:43.375Z"}
{"level":"info","message":"Connected to mongoDb","service":"identity-service","timestamp":"2025-02-20T17:25:48.836Z"}
{"level":"info","message":"Received POST request to /api/auth/register","service":"identity-service","timestamp":"2025-02-20T17:25:59.769Z"}
{"level":"info","message":"Request body [object Object]","service":"identity-service","timestamp":"2025-02-20T17:25:59.771Z"}
{"level":"info","message":"Registration endpoint Hit...","service":"identity-service","timestamp":"2025-02-20T17:25:59.777Z"}
{"0":"\"","1":"u","10":" ","11":"l","12":"e","13":"n","14":"g","15":"t","16":"h","17":" ","18":"m","19":"u","2":"s","20":"s","21":"t","22":" ","23":"b","24":"e","25":" ","26":"a","27":"t","28":" ","29":"l","3":"e","30":"e","31":"a","32":"s","33":"t","34":" ","35":"3","36":" ","37":"c","38":"h","39":"a","4":"r","40":"r","41":"a","42":"c","43":"t","44":"e","45":"r","46":"s","47":" ","48":"l","49":"o","5":"n","50":"n","51":"g","6":"a","7":"m","8":"e","9":"\"","level":"warn","message":"Validation error","service":"identity-service","timestamp":"2025-02-20T17:25:59.789Z"}
{"level":"info","message":"Received POST request to /api/auth/register","service":"identity-service","timestamp":"2025-02-20T17:26:08.610Z"}
{"level":"info","message":"Request body [object Object]","service":"identity-service","timestamp":"2025-02-20T17:26:08.611Z"}
{"level":"info","message":"Registration endpoint Hit...","service":"identity-service","timestamp":"2025-02-20T17:26:08.613Z"}
{"0":"\"","1":"e","10":"s","11":"t","12":" ","13":"b","14":"e","15":" ","16":"a","17":" ","18":"v","19":"a","2":"m","20":"l","21":"i","22":"d","23":" ","24":"e","25":"m","26":"a","27":"i","28":"l","3":"a","4":"i","5":"l","6":"\"","7":" ","8":"m","9":"u","level":"warn","message":"Validation error","service":"identity-service","timestamp":"2025-02-20T17:26:08.616Z"}
{"level":"info","message":"Received POST request to /api/auth/register","service":"identity-service","timestamp":"2025-02-20T17:26:15.273Z"}
{"level":"info","message":"Request body [object Object]","service":"identity-service","timestamp":"2025-02-20T17:26:15.273Z"}
{"level":"info","message":"Registration endpoint Hit...","service":"identity-service","timestamp":"2025-02-20T17:26:15.275Z"}
{"0":"\"","1":"p","10":" ","11":"l","12":"e","13":"n","14":"g","15":"t","16":"h","17":" ","18":"m","19":"u","2":"a","20":"s","21":"t","22":" ","23":"b","24":"e","25":" ","26":"a","27":"t","28":" ","29":"l","3":"s","30":"e","31":"a","32":"s","33":"t","34":" ","35":"6","36":" ","37":"c","38":"h","39":"a","4":"s","40":"r","41":"a","42":"c","43":"t","44":"e","45":"r","46":"s","47":" ","48":"l","49":"o","5":"w","50":"n","51":"g","6":"o","7":"r","8":"d","9":"\"","level":"warn","message":"Validation error","service":"identity-service","timestamp":"2025-02-20T17:26:15.278Z"}
{"level":"info","message":"Received POST request to /api/auth/register","service":"identity-service","timestamp":"2025-02-20T17:26:33.134Z"}
{"level":"info","message":"Request body [object Object]","service":"identity-service","timestamp":"2025-02-20T17:26:33.135Z"}
{"level":"info","message":"Registration endpoint Hit...","service":"identity-service","timestamp":"2025-02-20T17:26:33.137Z"}
{"level":"info","message":"User saved successfully","service":"identity-service","timestamp":"2025-02-20T17:26:34.742Z"}
{"level":"error","message":"Unhandled Rejection at:","promise":{},"reason":"{}","service":"identity-service","timestamp":"2025-02-20T17:26:34.747Z"}
{"level":"info","message":"Identity service running on port 3001","service":"identity-service","timestamp":"2025-02-20T17:29:53.140Z"}
{"level":"info","message":"Connected to mongoDb","service":"identity-service","timestamp":"2025-02-20T17:29:53.949Z"}
{"level":"info","message":"Received POST request to /api/auth/register","service":"identity-service","timestamp":"2025-02-20T17:30:07.555Z"}
{"level":"info","message":"Request body [object Object]","service":"identity-service","timestamp":"2025-02-20T17:30:07.556Z"}
{"level":"info","message":"Registration endpoint Hit...","service":"identity-service","timestamp":"2025-02-20T17:30:07.563Z"}
{"level":"info","message":"User saved successfully","service":"identity-service","timestamp":"2025-02-20T17:30:07.763Z"}
{"level":"error","message":"User registration error crypto.randomBytes is not a function","service":"identity-service","stack":"TypeError: crypto.randomBytes is not a function\n    at generateTokens (C:\\Users\\Manu\\Desktop\\Social media microservices\\identity-services\\src\\utils\\generateToken.js:13:31)\n    at registerUser (C:\\Users\\Manu\\Desktop\\Social media microservices\\identity-services\\src\\controllers\\identity-controller.js:39:49)\n    at process.processTicksAndRejections (node:internal/process/task_queues:95:5)","timestamp":"2025-02-20T17:30:07.770Z"}
{"level":"info","message":"Identity service running on port 3001","service":"identity-service","timestamp":"2025-02-20T17:32:28.263Z"}
{"level":"info","message":"Identity service running on port 3001","service":"identity-service","timestamp":"2025-02-20T17:32:30.414Z"}
{"level":"info","message":"Connected to mongoDb","service":"identity-service","timestamp":"2025-02-20T17:32:31.420Z"}
{"level":"info","message":"Received POST request to /api/auth/register","service":"identity-service","timestamp":"2025-02-20T17:33:23.569Z"}
{"level":"info","message":"Request body [object Object]","service":"identity-service","timestamp":"2025-02-20T17:33:23.570Z"}
{"level":"info","message":"Registration endpoint Hit...","service":"identity-service","timestamp":"2025-02-20T17:33:23.581Z"}
{"level":"warn","message":"User already exist","service":"identity-service","timestamp":"2025-02-20T17:33:24.096Z"}
{"level":"info","message":"Received POST request to /api/auth/register","service":"identity-service","timestamp":"2025-02-20T17:33:35.925Z"}
{"level":"info","message":"Request body [object Object]","service":"identity-service","timestamp":"2025-02-20T17:33:35.926Z"}
{"level":"info","message":"Registration endpoint Hit...","service":"identity-service","timestamp":"2025-02-20T17:33:35.929Z"}
{"level":"info","message":"User saved successfully","service":"identity-service","timestamp":"2025-02-20T17:33:36.210Z"}
{"level":"error","message":"User registration error RefreshToken is not defined","service":"identity-service","stack":"ReferenceError: RefreshToken is not defined\n    at generateTokens (C:\\Users\\Manu\\Desktop\\Social media microservices\\identity-services\\src\\utils\\generateToken.js:18:3)\n    at registerUser (C:\\Users\\Manu\\Desktop\\Social media microservices\\identity-services\\src\\controllers\\identity-controller.js:39:49)\n    at process.processTicksAndRejections (node:internal/process/task_queues:95:5)","timestamp":"2025-02-20T17:33:36.226Z"}
{"level":"info","message":"Identity service running on port 3001","service":"identity-service","timestamp":"2025-02-20T17:35:04.538Z"}
{"level":"info","message":"Connected to mongoDb","service":"identity-service","timestamp":"2025-02-20T17:35:08.353Z"}
{"level":"info","message":"Identity service running on port 3001","service":"identity-service","timestamp":"2025-02-20T17:35:23.111Z"}
{"beforeHandshake":false,"cause":{},"connectionGeneration":0,"errorLabelSet":{},"level":"error","message":"Mongo connection error AggregateError has an empty errors array. Please check the `cause` property for more information.","service":"identity-service","stack":"MongoNetworkError: AggregateError has an empty errors array. Please check the `cause` property for more information.\n    at TLSSocket.<anonymous> (C:\\Users\\Manu\\Desktop\\Social media microservices\\identity-services\\node_modules\\mongodb\\lib\\cmap\\connect.js:285:44)\n    at Object.onceWrapper (node:events:628:26)\n    at TLSSocket.emit (node:events:513:28)\n    at emitErrorNT (node:internal/streams/destroy:151:8)\n    at emitErrorCloseNT (node:internal/streams/destroy:116:3)\n    at process.processTicksAndRejections (node:internal/process/task_queues:82:21)","timestamp":"2025-02-20T17:35:28.931Z"}
{"level":"info","message":"Identity service running on port 3001","service":"identity-service","timestamp":"2025-02-20T17:36:37.845Z"}
{"level":"info","message":"Connected to mongoDb","service":"identity-service","timestamp":"2025-02-20T17:36:44.700Z"}
{"level":"info","message":"Received POST request to /api/auth/register","service":"identity-service","timestamp":"2025-02-20T17:36:53.374Z"}
{"level":"info","message":"Request body [object Object]","service":"identity-service","timestamp":"2025-02-20T17:36:53.375Z"}
{"level":"info","message":"Registration endpoint Hit...","service":"identity-service","timestamp":"2025-02-20T17:36:53.382Z"}
{"level":"warn","message":"User already exist","service":"identity-service","timestamp":"2025-02-20T17:36:53.422Z"}
{"level":"info","message":"Received POST request to /api/auth/register","service":"identity-service","timestamp":"2025-02-20T17:37:06.438Z"}
{"level":"info","message":"Request body [object Object]","service":"identity-service","timestamp":"2025-02-20T17:37:06.440Z"}
{"level":"info","message":"Registration endpoint Hit...","service":"identity-service","timestamp":"2025-02-20T17:37:06.444Z"}
{"level":"info","message":"User saved successfully","service":"identity-service","timestamp":"2025-02-20T17:37:06.865Z"}
{"level":"info","message":"Identity service running on port 3001","service":"identity-service","timestamp":"2025-02-22T06:39:35.729Z"}
{"level":"info","message":"Connected to mongoDb","service":"identity-service","timestamp":"2025-02-22T06:39:36.172Z"}
{"level":"info","message":"Received POST request to /api/auth/register","service":"identity-service","timestamp":"2025-02-22T06:40:41.994Z"}
{"level":"info","message":"Request body [object Object]","service":"identity-service","timestamp":"2025-02-22T06:40:41.996Z"}
{"level":"info","message":"Registration endpoint Hit...","service":"identity-service","timestamp":"2025-02-22T06:40:42.002Z"}
{"level":"warn","message":"User already exist","service":"identity-service","timestamp":"2025-02-22T06:40:42.202Z"}
{"level":"info","message":"Received POST request to /api/auth/register","service":"identity-service","timestamp":"2025-02-22T06:41:37.216Z"}
{"level":"info","message":"Request body [object Object]","service":"identity-service","timestamp":"2025-02-22T06:41:37.217Z"}
{"level":"info","message":"Registration endpoint Hit...","service":"identity-service","timestamp":"2025-02-22T06:41:37.220Z"}
{"0":"\"","1":"u","10":" ","11":"l","12":"e","13":"n","14":"g","15":"t","16":"h","17":" ","18":"m","19":"u","2":"s","20":"s","21":"t","22":" ","23":"b","24":"e","25":" ","26":"a","27":"t","28":" ","29":"l","3":"e","30":"e","31":"a","32":"s","33":"t","34":" ","35":"3","36":" ","37":"c","38":"h","39":"a","4":"r","40":"r","41":"a","42":"c","43":"t","44":"e","45":"r","46":"s","47":" ","48":"l","49":"o","5":"n","50":"n","51":"g","6":"a","7":"m","8":"e","9":"\"","level":"warn","message":"Validation error","service":"identity-service","timestamp":"2025-02-22T06:41:37.225Z"}
{"level":"info","message":"Received POST request to /api/auth/register","service":"identity-service","timestamp":"2025-02-22T06:41:47.309Z"}
{"level":"info","message":"Request body [object Object]","service":"identity-service","timestamp":"2025-02-22T06:41:47.311Z"}
{"level":"info","message":"Registration endpoint Hit...","service":"identity-service","timestamp":"2025-02-22T06:41:47.314Z"}
{"0":"\"","1":"p","10":" ","11":"l","12":"e","13":"n","14":"g","15":"t","16":"h","17":" ","18":"m","19":"u","2":"a","20":"s","21":"t","22":" ","23":"b","24":"e","25":" ","26":"a","27":"t","28":" ","29":"l","3":"s","30":"e","31":"a","32":"s","33":"t","34":" ","35":"6","36":" ","37":"c","38":"h","39":"a","4":"s","40":"r","41":"a","42":"c","43":"t","44":"e","45":"r","46":"s","47":" ","48":"l","49":"o","5":"w","50":"n","51":"g","6":"o","7":"r","8":"d","9":"\"","level":"warn","message":"Validation error","service":"identity-service","timestamp":"2025-02-22T06:41:47.317Z"}
{"level":"info","message":"Received POST request to /api/auth/register","service":"identity-service","timestamp":"2025-02-22T06:41:59.979Z"}
{"level":"info","message":"Request body [object Object]","service":"identity-service","timestamp":"2025-02-22T06:41:59.980Z"}
{"level":"info","message":"Registration endpoint Hit...","service":"identity-service","timestamp":"2025-02-22T06:41:59.983Z"}
{"0":"\"","1":"e","10":"s","11":"t","12":" ","13":"b","14":"e","15":" ","16":"a","17":" ","18":"v","19":"a","2":"m","20":"l","21":"i","22":"d","23":" ","24":"e","25":"m","26":"a","27":"i","28":"l","3":"a","4":"i","5":"l","6":"\"","7":" ","8":"m","9":"u","level":"warn","message":"Validation error","service":"identity-service","timestamp":"2025-02-22T06:41:59.985Z"}
{"level":"info","message":"Received POST request to /api/auth/register","service":"identity-service","timestamp":"2025-02-22T06:42:35.711Z"}
{"level":"info","message":"Request body [object Object]","service":"identity-service","timestamp":"2025-02-22T06:42:35.712Z"}
{"level":"info","message":"Registration endpoint Hit...","service":"identity-service","timestamp":"2025-02-22T06:42:35.714Z"}
{"level":"info","message":"User saved successfully","service":"identity-service","timestamp":"2025-02-22T06:42:35.877Z"}
{"level":"info","message":"Received POST request to /api/auth/register","service":"identity-service","timestamp":"2025-02-22T10:07:37.862Z"}
{"level":"info","message":"Request body [object Object]","service":"identity-service","timestamp":"2025-02-22T10:07:37.865Z"}
{"level":"info","message":"Registration endpoint Hit...","service":"identity-service","timestamp":"2025-02-22T10:07:37.920Z"}
{"level":"info","message":"User saved successfully","service":"identity-service","timestamp":"2025-02-22T10:07:50.230Z"}
{"level":"info","message":"Identity service running on port 3001","service":"identity-service","timestamp":"2025-02-23T06:32:11.050Z"}
{"level":"info","message":"Connected to mongoDb","service":"identity-service","timestamp":"2025-02-23T06:32:11.546Z"}
{"level":"info","message":"Received POST request to /api/auth/register","service":"identity-service","timestamp":"2025-02-23T06:32:47.397Z"}
{"level":"info","message":"Request body [object Object]","service":"identity-service","timestamp":"2025-02-23T06:32:47.399Z"}
{"level":"info","message":"Registration endpoint Hit...","service":"identity-service","timestamp":"2025-02-23T06:32:47.417Z"}
{"0":"\"","1":"p","10":" ","11":"l","12":"e","13":"n","14":"g","15":"t","16":"h","17":" ","18":"m","19":"u","2":"a","20":"s","21":"t","22":" ","23":"b","24":"e","25":" ","26":"a","27":"t","28":" ","29":"l","3":"s","30":"e","31":"a","32":"s","33":"t","34":" ","35":"6","36":" ","37":"c","38":"h","39":"a","4":"s","40":"r","41":"a","42":"c","43":"t","44":"e","45":"r","46":"s","47":" ","48":"l","49":"o","5":"w","50":"n","51":"g","6":"o","7":"r","8":"d","9":"\"","level":"warn","message":"Validation error","service":"identity-service","timestamp":"2025-02-23T06:32:47.434Z"}
{"level":"info","message":"Received POST request to /api/auth/register","service":"identity-service","timestamp":"2025-02-23T06:32:58.318Z"}
{"level":"info","message":"Request body [object Object]","service":"identity-service","timestamp":"2025-02-23T06:32:58.319Z"}
{"level":"info","message":"Registration endpoint Hit...","service":"identity-service","timestamp":"2025-02-23T06:32:58.325Z"}
{"level":"info","message":"User saved successfully","service":"identity-service","timestamp":"2025-02-23T06:32:58.516Z"}
