{"level":"info","message":"Connected to mongoDb","service":"post-service","timestamp":"2025-02-26T10:40:30.949Z"}
{"level":"info","message":"Identity service running on port 3002","service":"post-service","timestamp":"2025-02-26T10:41:36.358Z"}
{"level":"info","message":"Connected to mongoDb","service":"post-service","timestamp":"2025-02-26T10:41:36.927Z"}
{"level":"info","message":"Post service running on port 3002","service":"post-service","timestamp":"2025-02-26T10:41:47.944Z"}
{"level":"info","message":"Connected to mongoDb","service":"post-service","timestamp":"2025-02-26T10:41:53.482Z"}
{"level":"info","message":"Post service running on port 3002","service":"post-service","timestamp":"2025-02-26T10:52:22.506Z"}
{"level":"info","message":"Connected to mongoDb","service":"post-service","timestamp":"2025-02-26T10:52:23.176Z"}
{"level":"info","message":"Post service running on port 3002","service":"post-service","timestamp":"2025-02-26T11:07:59.487Z"}
{"level":"info","message":"Connected to mongoDb","service":"post-service","timestamp":"2025-02-26T11:08:06.643Z"}
{"level":"info","message":"Received POST request to /api/posts/create-post","service":"post-service","timestamp":"2025-02-26T11:10:42.708Z"}
{"level":"info","message":"Request body [object Object]","service":"post-service","timestamp":"2025-02-26T11:10:42.709Z"}
{"level":"info","message":"Hitting createPost endpoint","service":"post-service","timestamp":"2025-02-26T11:10:42.713Z"}
{"level":"error","message":"Error creating post user is not defined","service":"post-service","stack":"ReferenceError: user is not defined\n    at createPost (C:\\Users\\Manu\\Desktop\\Social media microservices\\post-service\\src\\controllers\\post-controller.js:20:13)\n    at Layer.handle [as handle_request] (C:\\Users\\Manu\\Desktop\\Social media microservices\\post-service\\node_modules\\express\\lib\\router\\layer.js:95:5)\n    at next (C:\\Users\\Manu\\Desktop\\Social media microservices\\post-service\\node_modules\\express\\lib\\router\\route.js:149:13)\n    at Route.dispatch (C:\\Users\\Manu\\Desktop\\Social media microservices\\post-service\\node_modules\\express\\lib\\router\\route.js:119:3)\n    at Layer.handle [as handle_request] (C:\\Users\\Manu\\Desktop\\Social media microservices\\post-service\\node_modules\\express\\lib\\router\\layer.js:95:5)\n    at C:\\Users\\Manu\\Desktop\\Social media microservices\\post-service\\node_modules\\express\\lib\\router\\index.js:284:15\n    at Function.process_params (C:\\Users\\Manu\\Desktop\\Social media microservices\\post-service\\node_modules\\express\\lib\\router\\index.js:346:12)\n    at next (C:\\Users\\Manu\\Desktop\\Social media microservices\\post-service\\node_modules\\express\\lib\\router\\index.js:280:10)\n    at authenticateRequest (C:\\Users\\Manu\\Desktop\\Social media microservices\\post-service\\src\\middleware\\authUser.js:13:3)\n    at Layer.handle [as handle_request] (C:\\Users\\Manu\\Desktop\\Social media microservices\\post-service\\node_modules\\express\\lib\\router\\layer.js:95:5)","timestamp":"2025-02-26T11:10:42.719Z"}
{"level":"info","message":"Received POST request to /api/posts/create-post","service":"post-service","timestamp":"2025-02-26T11:12:38.715Z"}
{"level":"info","message":"Request body [object Object]","service":"post-service","timestamp":"2025-02-26T11:12:38.715Z"}
{"level":"info","message":"Hitting createPost endpoint","service":"post-service","timestamp":"2025-02-26T11:12:38.717Z"}
{"level":"error","message":"Error creating post user is not defined","service":"post-service","stack":"ReferenceError: user is not defined\n    at createPost (C:\\Users\\Manu\\Desktop\\Social media microservices\\post-service\\src\\controllers\\post-controller.js:20:13)\n    at Layer.handle [as handle_request] (C:\\Users\\Manu\\Desktop\\Social media microservices\\post-service\\node_modules\\express\\lib\\router\\layer.js:95:5)\n    at next (C:\\Users\\Manu\\Desktop\\Social media microservices\\post-service\\node_modules\\express\\lib\\router\\route.js:149:13)\n    at Route.dispatch (C:\\Users\\Manu\\Desktop\\Social media microservices\\post-service\\node_modules\\express\\lib\\router\\route.js:119:3)\n    at Layer.handle [as handle_request] (C:\\Users\\Manu\\Desktop\\Social media microservices\\post-service\\node_modules\\express\\lib\\router\\layer.js:95:5)\n    at C:\\Users\\Manu\\Desktop\\Social media microservices\\post-service\\node_modules\\express\\lib\\router\\index.js:284:15\n    at Function.process_params (C:\\Users\\Manu\\Desktop\\Social media microservices\\post-service\\node_modules\\express\\lib\\router\\index.js:346:12)\n    at next (C:\\Users\\Manu\\Desktop\\Social media microservices\\post-service\\node_modules\\express\\lib\\router\\index.js:280:10)\n    at authenticateRequest (C:\\Users\\Manu\\Desktop\\Social media microservices\\post-service\\src\\middleware\\authUser.js:13:3)\n    at Layer.handle [as handle_request] (C:\\Users\\Manu\\Desktop\\Social media microservices\\post-service\\node_modules\\express\\lib\\router\\layer.js:95:5)","timestamp":"2025-02-26T11:12:38.719Z"}
{"level":"info","message":"Received POST request to /api/posts/create-post","service":"post-service","timestamp":"2025-02-26T11:14:32.138Z"}
{"level":"info","message":"Request body [object Object]","service":"post-service","timestamp":"2025-02-26T11:14:32.139Z"}
{"level":"info","message":"Hitting createPost endpoint","service":"post-service","timestamp":"2025-02-26T11:14:32.141Z"}
{"level":"error","message":"Error creating post user is not defined","service":"post-service","stack":"ReferenceError: user is not defined\n    at createPost (C:\\Users\\Manu\\Desktop\\Social media microservices\\post-service\\src\\controllers\\post-controller.js:20:13)\n    at Layer.handle [as handle_request] (C:\\Users\\Manu\\Desktop\\Social media microservices\\post-service\\node_modules\\express\\lib\\router\\layer.js:95:5)\n    at next (C:\\Users\\Manu\\Desktop\\Social media microservices\\post-service\\node_modules\\express\\lib\\router\\route.js:149:13)\n    at Route.dispatch (C:\\Users\\Manu\\Desktop\\Social media microservices\\post-service\\node_modules\\express\\lib\\router\\route.js:119:3)\n    at Layer.handle [as handle_request] (C:\\Users\\Manu\\Desktop\\Social media microservices\\post-service\\node_modules\\express\\lib\\router\\layer.js:95:5)\n    at C:\\Users\\Manu\\Desktop\\Social media microservices\\post-service\\node_modules\\express\\lib\\router\\index.js:284:15\n    at Function.process_params (C:\\Users\\Manu\\Desktop\\Social media microservices\\post-service\\node_modules\\express\\lib\\router\\index.js:346:12)\n    at next (C:\\Users\\Manu\\Desktop\\Social media microservices\\post-service\\node_modules\\express\\lib\\router\\index.js:280:10)\n    at authenticateRequest (C:\\Users\\Manu\\Desktop\\Social media microservices\\post-service\\src\\middleware\\authUser.js:13:3)\n    at Layer.handle [as handle_request] (C:\\Users\\Manu\\Desktop\\Social media microservices\\post-service\\node_modules\\express\\lib\\router\\layer.js:95:5)","timestamp":"2025-02-26T11:14:32.143Z"}
{"level":"info","message":"Received POST request to /api/posts/create-post","service":"post-service","timestamp":"2025-02-26T11:15:13.071Z"}
{"level":"info","message":"Request body [object Object]","service":"post-service","timestamp":"2025-02-26T11:15:13.072Z"}
{"level":"info","message":"Hitting createPost endpoint","service":"post-service","timestamp":"2025-02-26T11:15:13.074Z"}
{"level":"error","message":"Error creating post user is not defined","service":"post-service","stack":"ReferenceError: user is not defined\n    at createPost (C:\\Users\\Manu\\Desktop\\Social media microservices\\post-service\\src\\controllers\\post-controller.js:20:13)\n    at Layer.handle [as handle_request] (C:\\Users\\Manu\\Desktop\\Social media microservices\\post-service\\node_modules\\express\\lib\\router\\layer.js:95:5)\n    at next (C:\\Users\\Manu\\Desktop\\Social media microservices\\post-service\\node_modules\\express\\lib\\router\\route.js:149:13)\n    at Route.dispatch (C:\\Users\\Manu\\Desktop\\Social media microservices\\post-service\\node_modules\\express\\lib\\router\\route.js:119:3)\n    at Layer.handle [as handle_request] (C:\\Users\\Manu\\Desktop\\Social media microservices\\post-service\\node_modules\\express\\lib\\router\\layer.js:95:5)\n    at C:\\Users\\Manu\\Desktop\\Social media microservices\\post-service\\node_modules\\express\\lib\\router\\index.js:284:15\n    at Function.process_params (C:\\Users\\Manu\\Desktop\\Social media microservices\\post-service\\node_modules\\express\\lib\\router\\index.js:346:12)\n    at next (C:\\Users\\Manu\\Desktop\\Social media microservices\\post-service\\node_modules\\express\\lib\\router\\index.js:280:10)\n    at authenticateRequest (C:\\Users\\Manu\\Desktop\\Social media microservices\\post-service\\src\\middleware\\authUser.js:13:3)\n    at Layer.handle [as handle_request] (C:\\Users\\Manu\\Desktop\\Social media microservices\\post-service\\node_modules\\express\\lib\\router\\layer.js:95:5)","timestamp":"2025-02-26T11:15:13.077Z"}
{"level":"info","message":"Post service running on port 3002","service":"post-service","timestamp":"2025-02-26T11:16:33.221Z"}
{"level":"info","message":"Connected to mongoDb","service":"post-service","timestamp":"2025-02-26T11:16:33.774Z"}
{"level":"info","message":"Post service running on port 3002","service":"post-service","timestamp":"2025-02-26T11:16:50.416Z"}
{"level":"info","message":"Connected to mongoDb","service":"post-service","timestamp":"2025-02-26T11:16:51.150Z"}
{"level":"info","message":"Post service running on port 3002","service":"post-service","timestamp":"2025-02-26T11:16:56.528Z"}
{"level":"info","message":"Post service running on port 3002","service":"post-service","timestamp":"2025-02-26T11:16:59.252Z"}
{"level":"info","message":"Connected to mongoDb","service":"post-service","timestamp":"2025-02-26T11:17:00.034Z"}
{"level":"info","message":"Received POST request to /api/posts/create-post","service":"post-service","timestamp":"2025-02-26T11:17:00.318Z"}
{"level":"info","message":"Request body [object Object]","service":"post-service","timestamp":"2025-02-26T11:17:00.319Z"}
{"level":"info","message":"Hitting createPost endpoint","service":"post-service","timestamp":"2025-02-26T11:17:00.327Z"}
{"level":"error","message":"Error creating post user is not defined","service":"post-service","stack":"ReferenceError: user is not defined\n    at createPost (C:\\Users\\Manu\\Desktop\\Social media microservices\\post-service\\src\\controllers\\post-controller.js:20:13)\n    at Layer.handle [as handle_request] (C:\\Users\\Manu\\Desktop\\Social media microservices\\post-service\\node_modules\\express\\lib\\router\\layer.js:95:5)\n    at next (C:\\Users\\Manu\\Desktop\\Social media microservices\\post-service\\node_modules\\express\\lib\\router\\route.js:149:13)\n    at Route.dispatch (C:\\Users\\Manu\\Desktop\\Social media microservices\\post-service\\node_modules\\express\\lib\\router\\route.js:119:3)\n    at Layer.handle [as handle_request] (C:\\Users\\Manu\\Desktop\\Social media microservices\\post-service\\node_modules\\express\\lib\\router\\layer.js:95:5)\n    at C:\\Users\\Manu\\Desktop\\Social media microservices\\post-service\\node_modules\\express\\lib\\router\\index.js:284:15\n    at Function.process_params (C:\\Users\\Manu\\Desktop\\Social media microservices\\post-service\\node_modules\\express\\lib\\router\\index.js:346:12)\n    at next (C:\\Users\\Manu\\Desktop\\Social media microservices\\post-service\\node_modules\\express\\lib\\router\\index.js:280:10)\n    at authenticateRequest (C:\\Users\\Manu\\Desktop\\Social media microservices\\post-service\\src\\middleware\\authUser.js:14:3)\n    at Layer.handle [as handle_request] (C:\\Users\\Manu\\Desktop\\Social media microservices\\post-service\\node_modules\\express\\lib\\router\\layer.js:95:5)","timestamp":"2025-02-26T11:17:00.334Z"}
{"level":"info","message":"Post service running on port 3002","service":"post-service","timestamp":"2025-02-26T11:18:17.075Z"}
{"level":"info","message":"Connected to mongoDb","service":"post-service","timestamp":"2025-02-26T11:18:17.951Z"}
{"level":"info","message":"Post service running on port 3002","service":"post-service","timestamp":"2025-02-26T11:19:07.062Z"}
{"level":"info","message":"Connected to mongoDb","service":"post-service","timestamp":"2025-02-26T11:19:07.742Z"}
{"level":"info","message":"Post service running on port 3002","service":"post-service","timestamp":"2025-02-26T11:20:40.788Z"}
{"level":"info","message":"Connected to mongoDb","service":"post-service","timestamp":"2025-02-26T11:20:41.583Z"}
{"level":"info","message":"Post service running on port 3002","service":"post-service","timestamp":"2025-02-26T11:21:01.282Z"}
{"level":"info","message":"Connected to mongoDb","service":"post-service","timestamp":"2025-02-26T11:21:01.752Z"}
{"level":"info","message":"Post service running on port 3002","service":"post-service","timestamp":"2025-02-26T11:21:05.408Z"}
{"level":"info","message":"Connected to mongoDb","service":"post-service","timestamp":"2025-02-26T11:21:06.029Z"}
{"level":"info","message":"Received POST request to /api/posts/create-post","service":"post-service","timestamp":"2025-02-26T11:21:06.755Z"}
{"level":"info","message":"Request body [object Object]","service":"post-service","timestamp":"2025-02-26T11:21:06.756Z"}
{"level":"info","message":"Hitting createPost endpoint","service":"post-service","timestamp":"2025-02-26T11:21:06.759Z"}
{"level":"info","message":"Post service running on port 3002","service":"post-service","timestamp":"2025-02-26T11:21:31.601Z"}
{"level":"info","message":"Connected to mongoDb","service":"post-service","timestamp":"2025-02-26T11:21:32.392Z"}
{"level":"info","message":"Post service running on port 3002","service":"post-service","timestamp":"2025-02-26T11:21:40.128Z"}
{"level":"info","message":"Connected to mongoDb","service":"post-service","timestamp":"2025-02-26T11:21:40.709Z"}
{"level":"info","message":"Post service running on port 3002","service":"post-service","timestamp":"2025-02-26T11:21:43.751Z"}
{"level":"info","message":"Connected to mongoDb","service":"post-service","timestamp":"2025-02-26T11:21:49.402Z"}
{"level":"info","message":"Post service running on port 3002","service":"post-service","timestamp":"2025-02-26T11:22:03.845Z"}
{"level":"info","message":"Connected to mongoDb","service":"post-service","timestamp":"2025-02-26T11:22:04.427Z"}
{"level":"info","message":"Post service running on port 3002","service":"post-service","timestamp":"2025-02-26T11:22:11.071Z"}
{"level":"info","message":"Connected to mongoDb","service":"post-service","timestamp":"2025-02-26T11:22:11.725Z"}
{"level":"info","message":"Post service running on port 3002","service":"post-service","timestamp":"2025-02-26T11:22:20.829Z"}
{"level":"info","message":"Post service running on port 3002","service":"post-service","timestamp":"2025-02-26T11:22:24.801Z"}
{"beforeHandshake":false,"cause":{},"connectionGeneration":0,"errorLabelSet":{},"level":"error","message":"Mongo connection error AggregateError has an empty errors array. Please check the `cause` property for more information.","service":"post-service","stack":"MongoNetworkError: AggregateError has an empty errors array. Please check the `cause` property for more information.\n    at TLSSocket.<anonymous> (C:\\Users\\Manu\\Desktop\\Social media microservices\\post-service\\node_modules\\mongodb\\lib\\cmap\\connect.js:285:44)\n    at Object.onceWrapper (node:events:628:26)\n    at TLSSocket.emit (node:events:513:28)\n    at emitErrorNT (node:internal/streams/destroy:151:8)\n    at emitErrorCloseNT (node:internal/streams/destroy:116:3)\n    at process.processTicksAndRejections (node:internal/process/task_queues:82:21)","timestamp":"2025-02-26T11:22:25.485Z"}
{"level":"info","message":"Received POST request to /api/posts/create-post","service":"post-service","timestamp":"2025-02-26T11:22:35.020Z"}
{"level":"info","message":"Request body [object Object]","service":"post-service","timestamp":"2025-02-26T11:22:35.021Z"}
{"level":"info","message":"Hitting createPost endpoint","service":"post-service","timestamp":"2025-02-26T11:22:35.025Z"}
