{"level":"info","message":"Media service running on port 3003","service":"media-service","timestamp":"2025-03-05T10:13:35.078Z"}
{"level":"info","message":"Connected to mongoDb","service":"media-service","timestamp":"2025-03-05T10:13:35.579Z"}
{"level":"info","message":"Media service running on port 3003","service":"media-service","timestamp":"2025-03-05T15:59:50.555Z"}
{"level":"info","message":"Connected to mongoDb","service":"media-service","timestamp":"2025-03-05T15:59:51.006Z"}
{"level":"info","message":"Received POST request to /api/media/upload","service":"media-service","timestamp":"2025-03-05T16:02:07.621Z"}
{"level":"info","message":"Request body [object Object]","service":"media-service","timestamp":"2025-03-05T16:02:07.622Z"}
{"level":"error","message":"Unknown Error Occured while uploading : Multipart: Boundary not found","service":"media-service","stack":"Error: Multipart: Boundary not found\n    at new Multipart (C:\\Users\\Manu\\Desktop\\Social media microservices\\media-service\\node_modules\\busboy\\lib\\types\\multipart.js:233:13)\n    at getInstance (C:\\Users\\Manu\\Desktop\\Social media microservices\\media-service\\node_modules\\busboy\\lib\\index.js:33:12)\n    at module.exports (C:\\Users\\Manu\\Desktop\\Social media microservices\\media-service\\node_modules\\busboy\\lib\\index.js:56:10)\n    at multerMiddleware (C:\\Users\\Manu\\Desktop\\Social media microservices\\media-service\\node_modules\\multer\\lib\\make-middleware.js:28:16)\n    at C:\\Users\\Manu\\Desktop\\Social media microservices\\media-service\\src\\routes\\media-routes.js:18:5\n    at Layer.handle [as handle_request] (C:\\Users\\Manu\\Desktop\\Social media microservices\\media-service\\node_modules\\express\\lib\\router\\layer.js:95:5)\n    at next (C:\\Users\\Manu\\Desktop\\Social media microservices\\media-service\\node_modules\\express\\lib\\router\\route.js:149:13)\n    at authenticateRequest (C:\\Users\\Manu\\Desktop\\Social media microservices\\media-service\\src\\middleware\\authUser.js:13:3)\n    at Layer.handle [as handle_request] (C:\\Users\\Manu\\Desktop\\Social media microservices\\media-service\\node_modules\\express\\lib\\router\\layer.js:95:5)\n    at next (C:\\Users\\Manu\\Desktop\\Social media microservices\\media-service\\node_modules\\express\\lib\\router\\route.js:149:13)","timestamp":"2025-03-05T16:02:07.628Z"}
{"level":"info","message":"Media service running on port 3003","service":"media-service","timestamp":"2025-03-05T16:15:14.039Z"}
{"level":"info","message":"Connected to mongoDb","service":"media-service","timestamp":"2025-03-05T16:15:15.301Z"}
{"level":"info","message":"Received POST request to /api/media/upload","service":"media-service","timestamp":"2025-03-05T16:29:54.868Z"}
{"level":"info","message":"Request body [object Object]","service":"media-service","timestamp":"2025-03-05T16:29:54.870Z"}
{"level":"info","message":"Starting media upload","service":"media-service","timestamp":"2025-03-05T16:29:54.892Z"}
{"level":"info","message":"File details : name=undefined , type=undefined","service":"media-service","timestamp":"2025-03-05T16:29:54.893Z"}
{"level":"info","message":"Uploading to cloudinary starting...","service":"media-service","timestamp":"2025-03-05T16:29:54.894Z"}
{"level":"info","message":"Cloudinary upload successfully . Public-Id : - ogp1urajesy119lyecwt","service":"media-service","timestamp":"2025-03-05T16:30:08.846Z"}
{"_message":"Media validation failed","errors":{"mimeType":{"kind":"required","message":"Path `mimeType` is required.","name":"ValidatorError","path":"mimeType","properties":{"message":"Path `mimeType` is required.","path":"mimeType","type":"required"}},"originalName":{"kind":"required","message":"Path `originalName` is required.","name":"ValidatorError","path":"originalName","properties":{"message":"Path `originalName` is required.","path":"originalName","type":"required"}}},"level":"error","message":"Error Uploading media Media validation failed: originalName: Path `originalName` is required., mimeType: Path `mimeType` is required.","service":"media-service","stack":"ValidationError: Media validation failed: originalName: Path `originalName` is required., mimeType: Path `mimeType` is required.\n    at Document.invalidate (C:\\Users\\Manu\\Desktop\\Social media microservices\\media-service\\node_modules\\mongoose\\lib\\document.js:3329:32)\n    at C:\\Users\\Manu\\Desktop\\Social media microservices\\media-service\\node_modules\\mongoose\\lib\\document.js:3090:17\n    at C:\\Users\\Manu\\Desktop\\Social media microservices\\media-service\\node_modules\\mongoose\\lib\\schemaType.js:1407:9\n    at process.processTicksAndRejections (node:internal/process/task_queues:77:11)","timestamp":"2025-03-05T16:30:08.858Z"}
{"level":"info","message":"Media service running on port 3003","service":"media-service","timestamp":"2025-03-05T16:33:14.190Z"}
{"level":"info","message":"Connected to mongoDb","service":"media-service","timestamp":"2025-03-05T16:33:14.649Z"}
{"level":"info","message":"Received POST request to /api/media/upload","service":"media-service","timestamp":"2025-03-05T16:33:19.396Z"}
{"level":"info","message":"Request body [object Object]","service":"media-service","timestamp":"2025-03-05T16:33:19.397Z"}
{"level":"info","message":"Starting media upload","service":"media-service","timestamp":"2025-03-05T16:33:19.414Z"}
{"level":"info","message":"File details : name=undefined , type=undefined","service":"media-service","timestamp":"2025-03-05T16:33:19.419Z"}
{"level":"info","message":"Uploading to cloudinary starting...","service":"media-service","timestamp":"2025-03-05T16:33:19.420Z"}
{"level":"info","message":"Cloudinary upload successfully . Public-Id : - hhplwlr0p1dxurwzc5q8","service":"media-service","timestamp":"2025-03-05T16:33:22.469Z"}
{"_message":"Media validation failed","errors":{"mimeType":{"kind":"required","message":"Path `mimeType` is required.","name":"ValidatorError","path":"mimeType","properties":{"message":"Path `mimeType` is required.","path":"mimeType","type":"required"}},"originalName":{"kind":"required","message":"Path `originalName` is required.","name":"ValidatorError","path":"originalName","properties":{"message":"Path `originalName` is required.","path":"originalName","type":"required"}}},"level":"error","message":"Error Uploading media Media validation failed: originalName: Path `originalName` is required., mimeType: Path `mimeType` is required.","service":"media-service","stack":"ValidationError: Media validation failed: originalName: Path `originalName` is required., mimeType: Path `mimeType` is required.\n    at Document.invalidate (C:\\Users\\Manu\\Desktop\\Social media microservices\\media-service\\node_modules\\mongoose\\lib\\document.js:3329:32)\n    at C:\\Users\\Manu\\Desktop\\Social media microservices\\media-service\\node_modules\\mongoose\\lib\\document.js:3090:17\n    at C:\\Users\\Manu\\Desktop\\Social media microservices\\media-service\\node_modules\\mongoose\\lib\\schemaType.js:1407:9\n    at process.processTicksAndRejections (node:internal/process/task_queues:77:11)","timestamp":"2025-03-05T16:33:22.483Z"}
{"level":"info","message":"Media service running on port 3003","service":"media-service","timestamp":"2025-03-05T16:33:37.126Z"}
{"level":"info","message":"Connected to mongoDb","service":"media-service","timestamp":"2025-03-05T16:33:38.335Z"}
{"level":"info","message":"Media service running on port 3003","service":"media-service","timestamp":"2025-03-05T16:33:42.633Z"}
{"level":"info","message":"Connected to mongoDb","service":"media-service","timestamp":"2025-03-05T16:33:43.489Z"}
{"level":"info","message":"Media service running on port 3003","service":"media-service","timestamp":"2025-03-05T16:33:52.457Z"}
{"level":"info","message":"Connected to mongoDb","service":"media-service","timestamp":"2025-03-05T16:33:52.900Z"}
{"level":"info","message":"Media service running on port 3003","service":"media-service","timestamp":"2025-03-05T16:33:59.603Z"}
{"level":"info","message":"Connected to mongoDb","service":"media-service","timestamp":"2025-03-05T16:34:00.096Z"}
{"level":"info","message":"Media service running on port 3003","service":"media-service","timestamp":"2025-03-05T16:34:27.095Z"}
{"level":"info","message":"Connected to mongoDb","service":"media-service","timestamp":"2025-03-05T16:34:27.636Z"}
{"level":"info","message":"Media service running on port 3003","service":"media-service","timestamp":"2025-03-05T16:34:32.583Z"}
{"level":"info","message":"Connected to mongoDb","service":"media-service","timestamp":"2025-03-05T16:34:33.252Z"}
{"level":"info","message":"Received POST request to /api/media/upload","service":"media-service","timestamp":"2025-03-05T16:35:53.102Z"}
{"level":"info","message":"Request body [object Object]","service":"media-service","timestamp":"2025-03-05T16:35:53.104Z"}
{"level":"info","message":"Starting media upload","service":"media-service","timestamp":"2025-03-05T16:35:53.124Z"}
{"level":"info","message":"File details : name=Blue Simple LinkedIn Banner.png , type=image/png","service":"media-service","timestamp":"2025-03-05T16:35:53.129Z"}
{"level":"info","message":"Uploading to cloudinary starting...","service":"media-service","timestamp":"2025-03-05T16:35:53.130Z"}
{"level":"info","message":"Cloudinary upload successfully . Public-Id : - wo8yczl2sokvxfssepmd","service":"media-service","timestamp":"2025-03-05T16:35:56.180Z"}
{"level":"info","message":"Media service running on port 3003","service":"media-service","timestamp":"2025-03-05T17:35:40.324Z"}
{"level":"info","message":"Connected to mongoDb","service":"media-service","timestamp":"2025-03-05T17:35:40.766Z"}
{"level":"info","message":"Media service running on port 3003","service":"media-service","timestamp":"2025-03-05T17:36:22.504Z"}
{"level":"info","message":"Connected to mongoDb","service":"media-service","timestamp":"2025-03-05T17:36:22.921Z"}
